2025-06-10 20:09:37,276 - INFO - --- Backend Server Started ---
2025-06-10 20:09:37,783 - WARNING -  * Debugger is active!
2025-06-10 20:09:37,794 - INFO -  * Debugger PIN: 122-349-389
2025-06-10 20:10:16,970 - INFO - --- Backend Server Started ---
2025-06-10 20:10:17,569 - INFO - [31m[1mWARNING: This is a development server. Do not use it in a production deployment. Use a production WSGI server instead.[0m
 * Running on all addresses (0.0.0.0)
 * Running on http://127.0.0.1:5001
 * Running on http://192.168.4.147:5001
2025-06-10 20:10:17,570 - INFO - [33mPress CTRL+C to quit[0m
2025-06-10 20:10:17,570 - INFO -  * Restarting with stat
2025-06-10 20:10:17,989 - INFO - --- Backend Server Started ---
2025-06-10 20:10:18,424 - WARNING -  * Debugger is active!
2025-06-10 20:10:18,434 - INFO -  * Debugger PIN: 122-349-389
2025-06-10 20:12:48,761 - INFO -  * Detected change in '/Users/joshua.smith/fantasy-football-app/fantasy-football-decoupled/backend/app.py', reloading
2025-06-10 20:12:48,916 - INFO -  * Restarting with stat
2025-06-10 20:12:49,527 - INFO - --- Backend Server Started ---
2025-06-10 20:12:50,066 - WARNING -  * Debugger is active!
2025-06-10 20:12:50,077 - INFO -  * Debugger PIN: 122-349-389
2025-06-10 20:13:23,868 - INFO - --- Backend Server Started ---
2025-06-10 20:13:24,391 - INFO - [31m[1mWARNING: This is a development server. Do not use it in a production deployment. Use a production WSGI server instead.[0m
 * Running on all addresses (0.0.0.0)
 * Running on http://127.0.0.1:5001
 * Running on http://192.168.4.147:5001
2025-06-10 20:13:24,391 - INFO - [33mPress CTRL+C to quit[0m
2025-06-10 20:13:24,392 - INFO -  * Restarting with stat
2025-06-10 20:13:24,850 - INFO - --- Backend Server Started ---
2025-06-10 20:13:25,394 - WARNING -  * Debugger is active!
2025-06-10 20:13:25,406 - INFO -  * Debugger PIN: 122-349-389
2025-06-10 20:26:49,989 - INFO - --- Backend Server Started ---
2025-06-10 20:26:51,826 - INFO - [31m[1mWARNING: This is a development server. Do not use it in a production deployment. Use a production WSGI server instead.[0m
 * Running on all addresses (0.0.0.0)
 * Running on http://127.0.0.1:5001
 * Running on http://192.168.4.147:5001
2025-06-10 20:26:51,827 - INFO - [33mPress CTRL+C to quit[0m
2025-06-10 20:26:51,828 - INFO -  * Restarting with stat
2025-06-10 20:26:52,306 - INFO - --- Backend Server Started ---
2025-06-10 20:26:52,829 - WARNING -  * Debugger is active!
2025-06-10 20:26:52,839 - INFO -  * Debugger PIN: 122-349-389
2025-06-10 20:28:07,562 - INFO - --- RAW AI RESPONSE (FOR DEBUGGING) ---
```json
{
  "confidence": "High",
  "analysis": {
    "tiers": [
      {
        "header": "Tier 1: Elite Dual-Threat Quarterbacks",
        "summary": "These quarterbacks offer the highest floor and ceiling combination due to their rushing ability and proven passing production.",
        "players": [
          "Josh Allen",
          "Lamar Jackson",
          "Jayden Daniels",
          "Jalen Hurts"
        ]
      },
      {
        "header": "Tier 2: High-End Passing Quarterbacks",
        "summary": "These quarterbacks are excellent passers with demonstrated performance, but have either minimal rushing upside or some risk factors.",
        "players": [
          "Joe Burrow",
          "Patrick Mahomes"
        ]
      },
      {
        "header": "Tier 3: Solid Starters with Upside",
        "summary": "These quarterbacks should be considered viable starters in most weeks, with the potential to break into the top tier depending on their team's performance or individual development.",
        "players": [
          "Baker Mayfield",
          "Kyler Murray",
          "Bo Nix",
          "Justin Fields",
          "Caleb Williams",
          "Brock Purdy"
        ]
      },
      {
        "header": "Tier 4: The Streamer Zone",
        "summary": "These quarterbacks are viable streaming options in favorable matchups but lack the consistency to be considered every-week starters.",
        "players": [
          "Jared Goff",
          "Drake Maye",
          "Justin Herbert",
          "Dak Prescott",
          "Jordan Love",
          "J.J. Mccarthy"
        ]
      },
      {
        "header": "Tier 5: Late-Round Fliers & Potential Sleepers",
        "summary": "These quarterbacks could significantly outperform their ADP, due to their teams performance or individual development, but carry considerable risk.",
        "players": [
          "Trevor Lawrence",
          "C.J. Stroud",
          "Michael Penix Jr."
        ]
      },
      {
        "header": "Tier 6: Backups and Deep League Options",
        "summary": "These quarterbacks should only be rostered in deeper leagues or as backups in 2QB formats, given their lack of consistent production or unclear roles.",
        "players": [
          "Tua Tagovailoa",
          "Matthew Stafford",
          "Bryce Young",
          "Cameron Ward",
          "Geno Smith",
          "Sam Darnold",
          "Anthony Richardson Sr.",
          "Jaxson Dart",
          "Aaron Rodgers",
          "Russell Wilson",
          "Daniel Jones",
          "Jalen Milroe",
          "Shedeur Sanders",
          "Joe Flacco",
          "Tyler Shough",
          "Kirk Cousins",
          "Jameis Winston",
          "Dorian Thompson-Robinson",
          "Joe Milton",
          "Mac Jones",
          "Kenny Pickett",
          "Spencer Rattler",
          "Tyler Van Dyke",
          "Deshaun Watson",
          "Will Howard",
          "E.J. Perry",
          "Emory Jones",
          "Payton Thorne",
          "Mason Rudolph",
          "Jimmy Garoppolo",
          "Sam Howell",
          "Marcus Mariota",
          "Quinn Ewers",
          "Matt Corral",
          "Andy Dalton",
          "Zach Wilson",
          "Dillon Gabriel",
          "Jake Browning",
          "Tyson Bagent",
          "Mitchell Trubisky",
          "Cooper Rush",
          "Drew Lock",
          "Gardner Minshew",
          "Hendon Hooker",
          "Jordan Travis"
        ]
      }
    ]
  }
}
```
2025-06-10 20:28:07,566 - INFO - 127.0.0.1 - - [10/Jun/2025 20:28:07] "POST /api/generate_tiers HTTP/1.1" 200 -
2025-06-10 20:28:43,402 - INFO -  * Detected change in '/Users/joshua.smith/fantasy-football-app/fantasy-football-decoupled/backend/app.py', reloading
2025-06-10 20:28:45,582 - INFO -  * Restarting with stat

==================================================
--- RAW AI RESPONSE (FOR DEBUGGING) ---
```json
{
  "confidence": "High",
  "analysis": {
    "tiers": [
      {
        "header": "Tier 1: Elite Dual-Threat Quarterbacks",
        "summary": "These quarterbacks provide consistent rushing upside, making them weekly top-5 options.",
        "players": [
          "Josh Allen",
          "Lamar Jackson",
          "Jayden Daniels",
          "Jalen Hurts"
        ]
      },
      {
        "header": "Tier 2: High-Floor Passing Quarterbacks",
        "summary": "These quarterbacks have proven they can reliably sling it to accumulate points, but offer limited rushing yards",
        "players": [
          "Joe Burrow",
          "Patrick Mahomes"
        ]
      },
      {
        "header": "Tier 3: Mid-Range Starters with Upside",
        "summary": "These quarterbacks could provide QB1 production, but have a lower floor due to inconsistency.",
        "players": [
          "Baker Mayfield",
          "Kyler Murray",
          "Bo Nix",
          "Justin Fields",
          "Caleb Williams",
          "Brock Purdy"
        ]
      },
      {
        "header": "Tier 4: Solid Starters with Limited Ceiling",
        "summary": "These quarterbacks are serviceable starters, but unlikely to win you your week.",
        "players": [
          "Jared Goff",
          "Drake Maye",
          "Justin Herbert",
          "Dak Prescott",
          "Jordan Love"
        ]
      },
      {
        "header": "Tier 5: High-Risk/High-Reward Quarterbacks",
        "summary": "These quarterbacks carry injury risks and are either unproven or have been inconsistent, but could break into the top 12.",
        "players": [
          "J.J. Mccarthy",
          "Trevor Lawrence",
          "C.J. Stroud",
          "Michael Penix Jr.",
          "Tua Tagovailoa"
        ]
      },
      {
        "header": "Tier 6: Streaming Options",
        "summary": "These quarterbacks are suitable for streaming or as backups, but are not consistent starters.",
        "players": [
          "Matthew Stafford",
          "Bryce Young",
          "Cameron Ward",
          "Geno Smith",
          "Sam Darnold",
          "Anthony Richardson Sr."
        ]
      },
            {
        "header": "Tier 7: Injury Fill-Ins/Deep League Stashes",
        "summary": "These players are generally only relevant due to injuries or in very deep leagues",
        "players": [
            "Jaxson Dart",
            "Aaron Rodgers",
            "Russell Wilson",
            "Daniel Jones",
            "Jalen Milroe",
            "Shedeur Sanders",
            "Joe Flacco",
            "Tyler Shough",
            "Kirk Cousins",
            "Jameis Winston",
            "Dorian Thompson-Robinson",
            "Joe Milton",
            "Mac Jones",
            "Kenny Pickett",
            "Spencer Rattler",
            "Tyler Van Dyke",
            "Deshaun Watson",
            "Will Howard",
            "E.J. Perry",
            "Emory Jones",
            "Payton Thorne",
            "Mason Rudolph",
            "Jimmy Garoppolo",
            "Sam Howell",
            "Marcus Mariota",
            "Quinn Ewers",
            "Matt Corral",
            "Andy Dalton",
            "Zach Wilson",
            "Dillon Gabriel",
            "Jake Browning",
            "Tyson Bagent",
            "Mitchell Trubisky",
            "Cooper Rush",
            "Drew Lock",
            "Gardner Minshew",
            "Hendon Hooker",
            "Jordan Travis"
        ]
      }
    ]
  }
}
```
==================================================


==================================================
--- RAW AI RESPONSE (FOR DEBUGGING) ---
```json
{
  "confidence": "High",
  "analysis": {
    "tiers": [
      {
        "header": "Tier 1: Elite Dual-Threat QBs",
        "summary": "These quarterbacks offer the highest floor and ceiling combination due to their rushing ability and passing prowess, making them weekly must-starts.",
        "players": [
          "Josh Allen",
          "Lamar Jackson",
          "Jayden Daniels",
          "Jalen Hurts"
        ]
      },
      {
        "header": "Tier 2: High-End Passers with Upside",
        "summary": "These quarterbacks possess the passing ability to be weekly starters, but their rushing upside is limited, which introduces slight variability.",
        "players": [
          "Joe Burrow",
          "Patrick Mahomes"
        ]
      },
      {
        "header": "Tier 3: Solid Starters with Questions",
        "summary": "These quarterbacks are capable starters in 12-team leagues but have questions surrounding their supporting cast, consistency, or long-term upside.",
        "players": [
          "Baker Mayfield",
          "Kyler Murray",
          "Bo Nix",
          "Justin Fields",
          "Caleb Williams"
        ]
      },
      {
        "header": "Tier 4: Matchup-Based Starters or High-End Backups",
        "summary": "These quarterbacks are best used in favorable matchups or as high-end backups, offering some upside but lacking the consistency for reliable weekly starts.",
        "players": [
          "Brock Purdy",
          "Jared Goff",
          "Drake Maye",
          "Justin Herbert",
          "Dak Prescott"
        ]
      },
      {
        "header": "Tier 5: Streaming Options and Developmental Projects",
        "summary": "These quarterbacks are deep league streaming options or developmental projects with limited immediate value, primarily useful in deeper leagues or dynasty formats.",
        "players": [
          "Jordan Love",
          "J.J. Mccarthy",
          "Trevor Lawrence",
          "C.J. Stroud",
          "Michael Penix Jr.",
          "Tua Tagovailoa",
          "Matthew Stafford"
        ]
      },
      {
        "header": "Tier 6: Desperation Plays Only",
        "summary": "These quarterbacks should only be considered in the deepest of leagues and as last-resort options, possessing significant limitations in their current situations.",
        "players": [
          "Bryce Young",
          "Cameron Ward",
          "Geno Smith",
          "Sam Darnold",
          "Anthony Richardson Sr.",
          "Jaxson Dart",
          "Aaron Rodgers",
          "Russell Wilson",
          "Daniel Jones",
          "Jalen Milroe",
          "Shedeur Sanders",
          "Joe Flacco",
          "Tyler Shough",
          "Kirk Cousins",
          "Jameis Winston",
          "Dorian Thompson-Robinson",
          "Joe Milton",
          "Mac Jones",
          "Kenny Pickett",
          "Spencer Rattler",
          "Tyler Van Dyke",
          "Deshaun Watson",
          "Will Howard",
          "E.J. Perry",
          "Emory Jones",
          "Payton Thorne",
          "Mason Rudolph",
          "Jimmy Garoppolo",
          "Sam Howell",
          "Marcus Mariota",
          "Quinn Ewers",
          "Matt Corral",
          "Andy Dalton",
          "Zach Wilson",
          "Dillon Gabriel",
          "Jake Browning",
          "Tyson Bagent",
          "Mitchell Trubisky",
          "Cooper Rush",
          "Drew Lock",
          "Gardner Minshew",
          "Hendon Hooker",
          "Jordan Travis"
        ]
      }
    ]
  }
}
```
==================================================

2025-06-10 20:33:52.189482 - --- Backend Server Started ---
2025-06-10 20:34:40.684160 - --- Backend Server Started ---
2025-06-10 20:34:41.821656 - --- Backend Server Started ---

==================================================
--- RAW AI RESPONSE (FOR DEBUGGING) ---
```json
{
  "confidence": "High",
  "analysis": {
    "tiers": [
      {
        "header": "Tier 1: The Dual-Threat Dynamos",
        "summary": "These quarterbacks offer the highest combination of passing and rushing upside, making them weekly difference-makers in PPR formats.",
        "players": [
          "Josh Allen",
          "Lamar Jackson",
          "Jayden Daniels",
          "Jalen Hurts"
        ]
      },
      {
        "header": "Tier 2: High-End Passing Talent",
        "summary": "These quarterbacks possess elite passing skills and are capable of putting up huge numbers, though they may lack the same rushing upside as Tier 1.",
        "players": [
          "Joe Burrow",
          "Patrick Mahomes"
        ]
      },
      {
        "header": "Tier 3: Solid Starters with Upside",
        "summary": "These QBs offer a relatively safe floor and the potential for boom weeks, making them reliable starters in 12-team leagues.",
        "players": [
          "Baker Mayfield",
          "Kyler Murray",
          "Bo Nix",
          "Justin Fields",
          "Caleb Williams"
        ]
      },
      {
        "header": "Tier 4: Mid-Tier Considerations",
        "summary": "These quarterbacks are serviceable starters or high-upside backups depending on your league's format and depth.",
        "players": [
          "Brock Purdy",
          "Jared Goff",
          "Drake Maye",
          "Justin Herbert",
          "Dak Prescott",
          "Jordan Love",
          "J.J. Mccarthy",
          "Trevor Lawrence",
          "C.J. Stroud"
        ]
      },
      {
        "header": "Tier 5: Late-Round Fliers/Superflex Options",
        "summary": "These quarterbacks are best suited for Superflex leagues or as late-round fliers with the potential for surprise production.",
        "players": [
          "Michael Penix Jr.",
          "Tua Tagovailoa",
          "Matthew Stafford",
          "Bryce Young",
          "Cameron Ward",
          "Geno Smith",
          "Sam Darnold",
          "Anthony Richardson Sr."
        ]
      },
      {
        "header": "Tier 6: Desperation Plays/Deep League Stashes",
        "summary": "These are the quarterbacks you consider only in the deepest of leagues or when facing dire circumstances due to injuries and bye weeks.",
        "players": [
          "Jaxson Dart",
          "Aaron Rodgers",
          "Russell Wilson",
          "Daniel Jones",
          "Jalen Milroe",
          "Shedeur Sanders",
          "Joe Flacco",
          "Tyler Shough",
          "Kirk Cousins",
          "Jameis Winston",
          "Dorian Thompson-Robinson",
          "Joe Milton",
          "Mac Jones",
          "Kenny Pickett",
          "Spencer Rattler",
          "Tyler Van Dyke",
          "Deshaun Watson",
          "Will Howard",
          "E.J. Perry",
          "Emory Jones",
          "Payton Thorne",
          "Mason Rudolph",
          "Jimmy Garoppolo",
          "Sam Howell",
          "Marcus Mariota",
          "Quinn Ewers",
          "Matt Corral",
          "Andy Dalton",
          "Zach Wilson",
          "Dillon Gabriel",
          "Jake Browning",
          "Tyson Bagent",
          "Mitchell Trubisky",
          "Cooper Rush",
          "Drew Lock",
          "Gardner Minshew",
          "Hendon Hooker",
          "Jordan Travis"
        ]
      }
    ]
  }
}
```
==================================================

2025-06-10 20:35:50.083261 - --- Backend Server Started ---
2025-06-10 20:35:51.177505 - --- Backend Server Started ---
2025-06-10 20:38:18.260553 - --- Backend Server Started ---
2025-06-10 22:04:07.411519 - --- Backend Server Started ---
2025-06-10 22:04:08.347061 - --- Backend Server Started ---
2025-06-10 22:09:46.711770 - --- Backend Server Started ---
2025-06-10 22:09:47.706415 - --- Backend Server Started ---

==================================================
--- RAW AI RESPONSE (FOR DEBUGGING) ---
```json
{
  "confidence": "High",
  "analysis": "### Depth Chart Role\n\nDe'Von Achane enters 2025 as the clear RB1 in the Miami Dolphins' backfield. While Miami may add a complementary piece or utilize Jeff Wilson Jr. and Salvon Ahmed in certain situations, Achane's explosiveness and pass-catching ability make him the focal point of their rushing attack. Expect him to command the majority of early-down carries and be heavily involved in the passing game, particularly in high-leverage situations. His role within this high-powered offense provides a significant advantage.\n\n### Value Analysis\n\nWith a consensus ADP of 16.5 (late first/early second round), Achane presents a strong value proposition. As RB7, he's priced appropriately for his potential. Given his proven ability to produce explosive plays and the Dolphins' commitment to an up-tempo offense, Achane has the upside to significantly outperform his ADP and finish as a top-5 RB. Comparatively, other running backs in this ADP range carry similar or greater risk factors.\n\n### Risk Factors\n\nAchane's primary risk factor is durability. He missed time in 2024 due to injuries, raising concerns about his ability to withstand a full season workload. His size (5'9\", 188 lbs) also makes him potentially more susceptible to injury. Another concern is the presence of other capable backs in Miami. While Achane is the clear lead, Wilson Jr. and Ahmed could siphon touches, particularly if Achane struggles or gets injured. Finally, game script can influence Achane's usage. If Miami frequently plays from behind, they may lean more heavily on the passing game, limiting Achane's opportunities.\n\n### 2025 Outlook\n\nAchane's 2025 outlook is exceptionally bright. He is positioned as the lead back in one of the league's most dynamic offenses, led by Tua Tagovailoa and supported by elite receiving weapons. Expect significant opportunities in both the running and passing game. If he can stay healthy, Achane possesses the potential to be a league-winning running back. A realistic projection would see him accumulating 1,200+ total yards and 10+ touchdowns, making him a valuable asset in PPR formats.\n\n### Final Verdict\n\nDe'Von Achane is a high-upside, high-reward pick at his current ADP. While the injury risk is a legitimate concern, his potential to be a top-5 RB in PPR leagues makes him worth the gamble. Drafters should prioritize mitigating this risk by securing a reliable backup running back on their roster, but Achane's game-breaking ability justifies his selection in the late first or early second round."
}
```
==================================================


==================================================
--- RAW AI RESPONSE (FOR DEBUGGING) ---
```json
{
  "confidence": "High",
  "analysis": {
    "tiers": [
      {
        "header": "Tier 1: League Winners",
        "summary": "These quarterbacks possess the highest ceilings and the most consistent production, making them potential league-winning assets.",
        "players": [
          "Josh Allen",
          "Lamar Jackson",
          "Jayden Daniels"
        ]
      },
      {
        "header": "Tier 2: Solid Starters with Upside",
        "summary": "These quarterbacks are dependable weekly starters with the potential to elevate your team due to rushing ability or high-powered offenses.",
        "players": [
          "Jalen Hurts",
          "Joe Burrow",
          "Patrick Mahomes"
        ]
      },
      {
        "header": "Tier 3: Mid-Range Starters",
        "summary": "These quarterbacks are reliable starters but may lack the explosive upside of the top tiers and are often dependent on game script.",
        "players": [
          "Baker Mayfield",
          "Kyler Murray",
          "Bo Nix",
          "Justin Fields",
          "Caleb Williams"
        ]
      },
      {
        "header": "Tier 4: Late-Round Value/Streamers",
        "summary": "These quarterbacks can be valuable late-round picks or streaming options, especially in favorable matchups, but carry more week-to-week volatility.",
        "players": [
          "Brock Purdy",
          "Jared Goff",
          "Drake Maye",
          "Justin Herbert",
          "Dak Prescott",
          "Jordan Love",
          "J.J. Mccarthy",
          "Trevor Lawrence"
        ]
      },
      {
        "header": "Tier 5: High-Risk/High-Reward",
        "summary": "These quarterbacks have a wider range of outcomes, depending on surrounding talent, coaching schemes, or their own development; draft with caution.",
        "players": [
          "C.J. Stroud",
          "Michael Penix Jr."
        ]
      },
      {
        "header": "Tier 6: Matchup Based Streamers",
        "summary": "These QBs are very matchup-dependent, better suited for deep leagues or bye-week fill-ins.",
        "players": [
          "Tua Tagovailoa",
          "Matthew Stafford",
          "Bryce Young",
          "Cameron Ward",
          "Geno Smith"
        ]
      },
      {
        "header": "Tier 7: Backups/Desperation Plays Only",
        "summary": "These QBs should only be rostered in the deepest of leagues or in 2-QB formats, and are not recommended for standard 12-team leagues.",
        "players": [
          "Sam Darnold",
          "Anthony Richardson Sr.",
          "Jaxson Dart",
          "Aaron Rodgers",
          "Russell Wilson",
          "Daniel Jones",
          "Jalen Milroe",
          "Shedeur Sanders",
          "Joe Flacco",
          "Tyler Shough",
          "Kirk Cousins",
          "Jameis Winston",
          "Dorian Thompson-Robinson",
          "Joe Milton",
          "Mac Jones",
          "Kenny Pickett",
          "Spencer Rattler",
          "Tyler Van Dyke",
          "Deshaun Watson",
          "Will Howard",
          "E.J. Perry",
          "Emory Jones",
          "Payton Thorne",
          "Mason Rudolph",
          "Jimmy Garoppolo",
          "Sam Howell",
          "Marcus Mariota",
          "Quinn Ewers",
          "Matt Corral",
          "Andy Dalton",
          "Zach Wilson",
          "Dillon Gabriel",
          "Jake Browning",
          "Tyson Bagent",
          "Mitchell Trubisky",
          "Cooper Rush",
          "Drew Lock",
          "Gardner Minshew",
          "Hendon Hooker",
          "Jordan Travis"
        ]
      }
    ]
  }
}
```
==================================================


==================================================
--- RAW AI RESPONSE (FOR DEBUGGING) ---
```json
{
  "rookies": [
    {
      "rank": 1,
      "name": "Ashton Jeanty",
      "position": "RB",
      "team": "LV",
      "adp": "11.0",
      "pos_rank": "RB1",
      "analysis": "Jeanty's ADP reflects high expectations. The Raiders' backfield is unsettled, giving Jeanty the opportunity to become the primary ball carrier and a valuable PPR asset."
    },
    {
      "rank": 2,
      "name": "Omarion Hampton",
      "position": "RB",
      "team": "LAC",
      "adp": "45.0",
      "pos_rank": "RB2",
      "analysis": "Hampton is a solid prospect joining a Chargers team in need of a reliable running back. His potential for volume makes him a high-upside pick if he can seize the opportunity."
    },
    {
      "rank": 3,
      "name": "TreVeyon Henderson",
      "position": "RB",
      "team": "NE",
      "adp": "59.0",
      "pos_rank": "RB3",
      "analysis": "Henderson lands in New England, a team likely to lean on the run. Although he has injury concerns, if he can stay healthy, he has RB2 upside in PPR formats."
    },
    {
      "rank": 4,
      "name": "Quinshon Judkins",
      "position": "RB",
      "team": "CLE",
      "adp": "74.0",
      "pos_rank": "RB4",
      "analysis": "Judkins has talent, but the Browns' backfield situation creates uncertainty. He is likely a handcuff with standalone value dependent on injuries to the starter."
    },
    {
      "rank": 5,
      "name": "Kaleb Johnson",
      "position": "RB",
      "team": "PIT",
      "adp": "77.5",
      "pos_rank": "RB5",
      "analysis": "Johnson joins the Steelers, where he will compete for touches. His role as a rookie will likely be as a rotational player, limiting his early-season fantasy impact."
    },
    {
      "rank": 6,
      "name": "RJ Harvey",
      "position": "RB",
      "team": "DEN",
      "adp": "101.5",
      "pos_rank": "RB6",
      "analysis": "Harvey is a late-round flier in Denver's backfield. He could potentially earn a role as the season progresses if he impresses in camp, but expectations should be tempered."
    },
    {
      "rank": 7,
      "name": "Cam Skattebo",
      "position": "RB",
      "team": "NYG",
      "adp": "103.0",
      "pos_rank": "RB7",
      "analysis": "Skattebo joins a crowded Giants backfield. He'll need to display explosiveness to earn his touches."
    },
    {
      "rank": 8,
      "name": "Bhayshul Tuten",
      "position": "RB",
      "team": "JAX",
      "adp": "123.0",
      "pos_rank": "RB8",
      "analysis": "Tuten is a dart throw in Jacksonville's backfield. He needs to beat out veteran players to make any fantasy impact."
    },
    {
      "rank": 9,
      "name": "Jaydon Blue",
      "position": "RB",
      "team": "DAL",
      "adp": "170.5",
      "pos_rank": "RB9",
      "analysis": "Blue is a deep sleeper who must compete for touches on a run-first team. He's one injury away from being fantasy-relevant."
    },
    {
      "rank": 10,
      "name": "Dylan Sampson",
      "position": "RB",
      "team": "CLE",
      "adp": "171.0",
      "pos_rank": "RB10",
      "analysis": "Sampson is another name in the Browns' backfield battle. His path to playing time is dependent on injuries and performance."
    },
    {
      "rank": 11,
      "name": "DJ Giddens",
      "position": "RB",
      "team": "IND",
      "adp": "171.5",
      "pos_rank": "RB11",
      "analysis": "Giddens is a late-round flier that may provide handcuff value later in the season. Consider him a bench stash in deep leagues."
    },
    {
      "rank": 12,
      "name": "Damien Martinez",
      "position": "RB",
      "team": "SEA",
      "adp": "174.0",
      "pos_rank": "RB12",
      "analysis": "Martinez will fight for scraps in a crowded backfield. He will be a long shot to produce."
    },
    {
      "rank": 13,
      "name": "Devin Neal",
      "position": "RB",
      "team": "NO",
      "adp": "183.0",
      "pos_rank": "RB13",
      "analysis": "Neal needs several injuries to make a fantasy impact. Pass."
    },
    {
      "rank": 14,
      "name": "Brashard Smith",
      "position": "RB",
      "team": "KC",
      "adp": "201.5",
      "pos_rank": "RB14",
      "analysis": "Smith has a slim chance of contributing in the Chiefs' backfield. Proceed with caution."
    },
    {
      "rank": 15,
      "name": "Jarquez Hunter",
      "position": "RB",
      "team": "LAR",
      "adp": "202.0",
      "pos_rank": "RB15",
      "analysis": "Hunter is behind Kyren Williams. He's a handcuff with minimal upside."
    }
  ]
}
```
==================================================

2025-06-12 16:30:13.460322 - --- Backend Server Started ---
2025-06-12 16:30:15.034950 - --- Backend Server Started ---

==================================================
--- RAW AI RESPONSE (FOR DEBUGGING) ---
```json
{
  "confidence": "High",
  "analysis": "### Depth Chart Role\n\nAshton Jeanty is projected to immediately step into a significant role in the Raiders' backfield. While rookie RBs rarely dominate from day one, Jeanty's consensus ADP of 11.0 suggests he is expected to be the lead back or part of a very close timeshare. The Raiders' current RB depth chart lacks a clear established bell-cow, giving Jeanty a prime opportunity to seize the starting role quickly. His pass-catching ability will also ensure he's involved on third downs, further bolstering his PPR value.\n\n### Value Analysis\n\nRB5 and an ADP of 11.0 represent significant value, even for a rookie. The current running back landscape is volatile, with fewer true workhorses than in previous years. If Jeanty lives up to the hype, he could easily outperform his RB5 ranking and deliver RB1 upside. At pick 11, you are essentially acquiring a player with potentially top-tier production at a discounted rate. The risk of a rookie bust is baked into the price, making him a worthwhile investment at that ADP.\n\n### Risk Factors\n\nThe primary risk is the uncertainty surrounding rookie performance. Jeanty has no NFL track record, and his college success doesn't guarantee immediate translation to the pros. He could struggle with pass protection, fumbles, or adjusting to the speed and complexity of the NFL game. Another concern is the Raiders' overall offensive situation. If the Raiders' offense struggles as a whole, Jeanty's scoring opportunities will be limited. Injury risk is also always a factor with running backs, given the physical demands of the position. Finally, a change in the depth chart could impact Jeanty's touches, like a free agent signing.\n\n### 2025 Outlook\n\nJeanty has the potential to be a league-winning running back in 2025. If he secures the lead role and the Raiders' offense shows improvement, he could easily finish as a top-5 RB. His receiving ability gives him a high floor in PPR formats. However, even if he doesn't become a true bell-cow, his pass-catching skills will make him a valuable asset. A more conservative outlook places him as a solid RB2 with upside, but the potential for RB1 production is definitely there. Any major struggles this season could derail the long-term outlook.\n\n### Final Verdict\n\nAshton Jeanty at RB5 with an ADP of 11.0 is an attractive pick. The upside is significant, and the risk is mitigated by the relatively low cost. While there are inherent risks associated with drafting a rookie, Jeanty's talent and projected opportunity make him a worthwhile investment in the first round of a PPR draft. He has RB1 upside and will probably be a solid RB2 floor."
}
```
==================================================

2025-06-12 16:40:45.641286 - --- Backend Server Started ---
2025-06-12 16:40:56.587175 - --- Backend Server Started ---
2025-06-12 16:44:40.778306 - --- Backend Server Started ---
2025-06-12 16:49:36.975328 - --- Backend Server Started ---
2025-06-12 16:49:38.331125 - --- Backend Server Started ---

==================================================
--- RAW AI RESPONSE (FOR DEBUGGING) ---
```json
{
  "confidence": "High",
  "analysis": "### Depth Chart Role\nJustin Jefferson is the undisputed WR1 for the Minnesota Vikings. His target share will be among the highest in the league, making him a focal point of their offensive game plan. He's essentially locked in as the primary receiving option, regardless of any changes at quarterback or offensive coordinator.\n\n### Value Analysis\nAt an ADP of 3.0, Jefferson represents strong value. While the very top picks are usually reserved for running backs (depending on the perceived RB landscape in 2025), Jefferson offers an elite floor and ceiling. He's consistently demonstrated top-tier production and, barring injury, is highly likely to outperform many of the RBs drafted around him. The WR2 positional rank seems appropriate, and potentially even conservative given his proven track record.\n\n### Risk Factors\n*   **Quarterback Play:** While Jefferson has proven to be QB-proof to some extent, his ceiling is undoubtedly tied to the quality of quarterback play. A significant downgrade at the position could negatively impact his overall stats. Pay close attention to the Vikings' QB situation during the pre-season. Any news of an unsettled or poorly performing QB battle needs to be closely monitored.\n*   **Injury History:** While generally durable, injuries are always a risk. Monitor any offseason or pre-season reports of lingering issues. A significant injury could derail his season and tank your fantasy team.\n*   **Offensive Scheme Changes:** Any significant changes to the Vikings' offensive scheme that de-emphasize the passing game or focus more on other receiving options could decrease his target share, though this is less likely given his established role.\n\n### 2025 Outlook\nJustin Jefferson is projected to be a top-5 WR in PPR formats. Expect high-volume target share, consistent yardage production, and a significant number of touchdowns. He is a weekly must-start and provides a considerable advantage over other WRs. Given his age and skill set, he should continue to perform at an elite level.\n\n### Final Verdict\nJustin Jefferson is a high-floor, high-ceiling pick at his ADP. His status as the clear WR1 in Minnesota and his proven track record make him a valuable asset. The risks are relatively low compared to other players in the early rounds. Draft him with confidence if he's available at the 3rd pick."
}
```
==================================================

2025-06-12 16:57:20.248390 - --- Backend Server Started ---
2025-06-12 16:59:57.755507 - --- Backend Server Started ---
2025-06-12 16:59:59.039752 - --- Backend Server Started ---

==================================================
--- RAW AI RESPONSE (FOR DEBUGGING) ---
```json
{
  "rookies": [
    {
      "rank": 1,
      "name": "Cameron Ward",
      "position": "QB",
      "team": "TEN",
      "adp": "157.0",
      "pos_rank": 1,
      "analysis": "Ward has the highest ADP among rookie QBs, suggesting potential for early playing time in Tennessee, which makes him the most valuable rookie QB in this draft. While the Titans' offense might not be a fantasy powerhouse, QB play is always in need so Ward's performance should be monitored."
    },
    {
      "rank": 2,
      "name": "Jaxson Dart",
      "position": "QB",
      "team": "NYG",
      "adp": "205.0",
      "pos_rank": 2,
      "analysis": "Dart's draft position indicates that the Giants believe he has potential as a future starting quarterback. He will need time to develop, but given the state of the Giants QB situation, he could see playing time if he progresses quicker than expected, so keep him on your watchlist"
    },
    {
      "rank": 3,
      "name": "Jalen Milroe",
      "position": "QB",
      "team": "SEA",
      "adp": "217.0",
      "pos_rank": 3,
      "analysis": "Milroe provides a dynamic rushing element that could translate to fantasy value if he earns the starting role. He is a project QB in a stable organization with a clear starter ahead of him, so his development path must be monitored closely."
    },
    {
      "rank": 4,
      "name": "Shedeur Sanders",
      "position": "QB",
      "team": "CLE",
      "adp": "223.0",
      "pos_rank": 4,
      "analysis": "Sanders enters the league with name recognition and experience, but he must prove himself in Cleveland to become fantasy-relevant. He will need to beat out Deshaun Watson so he is a dart throw at best right now."
    },
    {
      "rank": 5,
      "name": "Tyler Shough",
      "position": "QB",
      "team": "NO",
      "adp": "241.0",
      "pos_rank": 5,
      "analysis": "Shough represents a developmental prospect in New Orleans and will probably never be a fantasy asset. He will likely be a career backup and is not worth a roster spot."
    },
    {
      "rank": 6,
      "name": "Cam Miller",
      "position": "QB",
      "team": "LV",
      "adp": "347.0",
      "pos_rank": 6,
      "analysis": "Miller is a very late-round flier in Las Vegas with limited opportunity to take the starting job anytime soon. He is strictly a dynasty stash that probably won't see the field."
    },
    {
      "rank": 7,
      "name": "Will Howard",
      "position": "QB",
      "team": "PIT",
      "adp": "355.0",
      "pos_rank": 7,
      "analysis": "Howard is another later-round pick with an outside shot at developing into something. He is buried on the depth chart and likely won't start for at least 2 years."
    },
    {
      "rank": 8,
      "name": "Payton Thorne",
      "position": "QB",
      "team": "CIN",
      "adp": "364.0",
      "pos_rank": 8,
      "analysis": "Thorne is a late-round dart throw that likely won't see the field unless disaster strikes. Not worth rostering."
    },
    {
      "rank": 9,
      "name": "Quinn Ewers",
      "position": "QB",
      "team": "MIA",
      "adp": "403.0",
      "pos_rank": 9,
      "analysis": "Ewers is a long-term project sitting behind a entrenched starter in Tua Tagovailoa. He is not worth rostering."
    },
    {
      "rank": 10,
      "name": "Dillon Gabriel",
      "position": "QB",
      "team": "CLE",
      "adp": "421.0",
      "pos_rank": 10,
      "analysis": "Gabriel is a fringe player with limited fantasy potential. He is not worth rostering."
    },
    {
      "rank": 11,
      "name": "Garrett Greene",
      "position": "QB",
      "team": "TB",
      "adp": "N/A",
      "pos_rank": 11,
      "analysis": "Greene's lack of ADP indicates he is unlikely to make a significant impact this season. He is not worth rostering."
    },
    {
      "rank": 12,
      "name": "Tommy Mellott",
      "position": "QB",
      "team": "LV",
      "adp": "N/A",
      "pos_rank": 12,
      "analysis": "Mellott is a longshot to even make the roster and is not fantasy-relevant. He is not worth rostering."
    },
    {
      "rank": 13,
      "name": "Taylor Elgersma",
      "position": "QB",
      "team": "GB",
      "adp": "N/A",
      "pos_rank": 13,
      "analysis": "Elgersma is buried on the depth chart in Green Bay and has no fantasy value. He is not worth rostering."
    },
    {
      "rank": 14,
      "name": "Hunter Dekkers",
      "position": "QB",
      "team": "NO",
      "adp": "N/A",
      "pos_rank": 14,
      "analysis": "Dekkers' lack of ADP makes him undraftable in most fantasy formats. He is not worth rostering."
    },
    {
      "rank": 15,
      "name": "Riley Leonard",
      "position": "QB",
      "team": "IND",
      "adp": "N/A",
      "pos_rank": 15,
      "analysis": "Leonard is behind Anthony Richardson in the depth chart and has little to no chance to take the job. He is not worth rostering."
    }
  ]
}
```
==================================================


==================================================
--- RAW AI RESPONSE (FOR DEBUGGING) ---
```json
{
  "confidence": "High",
  "analysis": {
    "tiers": [
      {
        "header": "Tier 1: Elite Dual-Threat Quarterbacks",
        "summary": "These quarterbacks offer the highest floor and ceiling combination due to their rushing ability and passing prowess.",
        "players": [
          "Josh Allen",
          "Lamar Jackson",
          "Jayden Daniels",
          "Jalen Hurts"
        ]
      },
      {
        "header": "Tier 2: High-End Passing Quarterbacks with Upside",
        "summary": "These quarterbacks are primarily pocket passers with strong potential, though their rushing contribution is less reliable.",
        "players": [
          "Joe Burrow",
          "Patrick Mahomes"
        ]
      },
      {
        "header": "Tier 3: Solid Starters with Potential",
        "summary": "These quarterbacks are viable weekly starters with the potential to outperform their ADP based on situation and talent.",
        "players": [
          "Baker Mayfield",
          "Kyler Murray",
          "Bo Nix",
          "Justin Fields",
          "Caleb Williams"
        ]
      },
      {
        "header": "Tier 4: Mid-Range Starters / High-End Backups",
        "summary": "These quarterbacks offer a decent floor but lack the ceiling of the higher tiers and are best suited as QB2s or streaming options.",
        "players": [
          "Brock Purdy",
          "Jared Goff",
          "Drake Maye",
          "Justin Herbert",
          "Dak Prescott"
        ]
      },
      {
        "header": "Tier 5: Low-End Starters / Solid Backups",
        "summary": "These quarterbacks have significant question marks surrounding their performance, making them unreliable starters unless in deep leagues.",
        "players": [
          "Jordan Love",
          "J.J. Mccarthy",
          "Trevor Lawrence",
          "C.J. Stroud"
        ]
      },
      {
        "header": "Tier 6: Streaming Options and Deep League Stashes",
        "summary": "These quarterbacks are primarily backups or high-risk, high-reward players only relevant in very deep leagues or as desperation streaming options.",
        "players": [
          "Michael Penix Jr.",
          "Tua Tagovailoa",
          "Matthew Stafford",
          "Bryce Young",
          "Cameron Ward",
          "Geno Smith"
        ]
      },
            {
        "header": "Tier 7: Handcuffs and Afterthoughts",
        "summary": "These quarterbacks have minimal standalone value and are primarily valuable as handcuffs in deeper leagues if at all.",
        "players": [
          "Sam Darnold",
          "Anthony Richardson Sr.",
          "Jaxson Dart",
          "Aaron Rodgers",
          "Russell Wilson",
          "Daniel Jones",
          "Jalen Milroe",
          "Shedeur Sanders",
          "Joe Flacco",
          "Tyler Shough",
          "Kirk Cousins",
          "Jameis Winston",
          "Dorian Thompson-Robinson",
          "Joe Milton",
          "Mac Jones",
          "Kenny Pickett",
          "Spencer Rattler",
          "Tyler Van Dyke",
          "Deshaun Watson",
          "Will Howard",
          "E.J. Perry",
          "Emory Jones",
          "Payton Thorne",
          "Mason Rudolph",
          "Jimmy Garoppolo",
          "Sam Howell",
          "Marcus Mariota",
          "Quinn Ewers",
          "Matt Corral",
          "Andy Dalton",
          "Zach Wilson",
          "Dillon Gabriel",
          "Jake Browning",
          "Tyson Bagent",
          "Mitchell Trubisky",
          "Cooper Rush",
          "Drew Lock",
          "Gardner Minshew",
          "Hendon Hooker",
          "Jordan Travis"
        ]
      }
    ]
  }
}
```
==================================================


==================================================
--- RAW AI RESPONSE (FOR DEBUGGING) ---
```json
{
  "confidence": "High",
  "analysis": "### Depth Chart Role\n\nTetairoa McMillan is projected to be a starting WR in the Carolina Panthers' offense in his rookie season. Given his draft capital (projected, as he is a 2025 rookie), and perceived talent, he's expected to compete for the WR1 role immediately. He will likely line up both outside and in the slot, giving him diverse usage.\n\n### Value Analysis\n\nAt a consensus ADP of 44.5, placing him in the late 3rd/early 4th round in a 12-team league, McMillan represents solid value. As WR25, he's priced appropriately given the uncertainty surrounding rookie production. If he lives up to the hype and performs like a high-end WR2, he significantly outkicks his ADP. However, if he struggles adjusting to the NFL or loses targets to other Panthers receivers, he becomes a sunk cost.\n\n### Risk Factors\n\n*   **Rookie Adjustment:** The biggest risk is the standard learning curve for rookie wide receivers. NFL defenses are complex, and it often takes time for even the most talented rookies to become consistent contributors.\n*   **Quarterback Play:** McMillan's fantasy value is directly tied to the quality of quarterback play in Carolina. If the QB struggles, McMillan will too.\n*   **Target Competition:** While McMillan is expected to be a key target, he will still have to compete for receptions with other receivers on the Panthers. A strong showing by other players could limit his ceiling.\n*   **Injury Risk:** As with any player, injury risk is always a factor. A significant injury would derail his rookie season.\n\n### 2025 Outlook\n\nThe 2025 season holds significant potential for McMillan. If he quickly adapts to the NFL, he could easily surpass his WR25 projection and establish himself as a reliable WR2 with WR1 upside in PPR formats. His size, athleticism, and potential target share create a favorable environment for fantasy success. A lot hinges on the Panthers' overall offensive performance; a better offense equates to better opportunity and performance.\n\n### Final Verdict\n\nTetairoa McMillan at an ADP of 44.5 presents a calculated risk worth taking. His potential upside as a high-end WR2, coupled with the likelihood of immediate playing time, makes him an intriguing pick. While rookie wide receivers are inherently risky, McMillan's talent and projected role in the Panthers' offense make him a valuable asset to target in PPR leagues. Investing a late 3rd/early 4th round pick on him could pay significant dividends if he hits his ceiling."
}
```
==================================================


==================================================
--- RAW AI RESPONSE (FOR DEBUGGING) ---
```json
{
  "confidence": "High",
  "analysis": "### Depth Chart Role\n\nLadd McConkey is projected to be the WR1 for the Los Angeles Chargers in 2025. With a year of NFL experience under his belt and likely a further evolution in the Chargers' offensive scheme, he should command a significant target share. This positions him as the focal point of the passing game, making him a valuable asset in PPR formats.\n\n### Value Analysis\n\nWith a consensus ADP of 19.0, McConkey is being drafted as a high-end WR2 or even a WR1 on some teams. His WR11 positional rank suggests he's appropriately valued. Given his expected role and target volume, he offers potential upside if he performs above the WR11 range. If he truly becomes the WR1 for the Chargers, exceeding his ADP is plausible. His PPR upside is significant, making him a solid pick at his current ADP.\n\n### Risk Factors\n\n*   **Sophomore Slump:** While McConkey had a solid rookie season, the sophomore slump is always a possibility. Defenses may adjust their schemes to limit his effectiveness. \n*   **Quarterback Consistency:** The Chargers' quarterback situation needs to remain stable and productive for McConkey to thrive. Any injuries or underperformance at the QB position will negatively impact his value.\n*   **Target Competition:** While currently slated as the WR1, other receivers on the Chargers roster could emerge and steal targets. Monitor training camp reports for potential shifts in target hierarchy.\n*   **Injury Risk:** All players carry injury risk. Any significant injury would obviously derail his season and hurt his fantasy value. \n\n### 2025 Outlook\n\nThe 2025 season presents a high-ceiling opportunity for McConkey. If he continues to develop a strong rapport with his quarterback and commands the target share expected, he could significantly outperform his WR11 ranking. A strong performance in his second year could solidify him as a top-10 PPR WR. The Chargers' offensive scheme will be critical. A pass-heavy approach will greatly benefit McConkey's value.\n\n### Final Verdict\n\nLadd McConkey at an ADP of 19.0 represents a solid value, particularly in PPR leagues. His WR11 consensus ranking accurately reflects his potential. The risk factors are present but manageable. His projected role as the Chargers' primary receiver makes him a worthwhile investment. Target volume is king in PPR, and McConkey is positioned to see plenty of targets. Draft with confidence."
}
```
==================================================

2025-06-12 17:05:15.823544 - --- Backend Server Started ---

==================================================
--- RAW AI RESPONSE (FOR DEBUGGING) ---
```json
{
  "confidence": "High",
  "analysis": "### Depth Chart Role\nLadd McConkey enters his second NFL season as the presumptive WR1 for the Los Angeles Chargers. With a new coaching staff focused on the run, and the departures of Keenan Allen and Mike Williams, McConkey is expected to command a significant target share. He'll likely line up primarily in the slot but should also see snaps outside, making him a versatile option for the Chargers' offense. His role is secure and vital to the team's passing attack.\n\n### Value Analysis\nCurrently holding a consensus ADP of 19.0 and ranked WR11, McConkey represents solid value. His ADP suggests he's being drafted as a low-end WR1 or high-end WR2, which aligns with expectations given his projected target volume in PPR formats. Considering the scarcity of proven receiving options on the Chargers, McConkey has a high ceiling. Other players being drafted around him at WR include: [Hypothetical WRs listed for comparison]. His upside based on projected target share, youth, and talent, exceeds that of [Hypothetical WRs] , justifying his current ADP.\n\n### Risk Factors\nWhile the opportunity is clear, McConkey faces several risk factors. Firstly, the Chargers' offensive philosophy under the new coaching staff may be more run-heavy, limiting overall passing volume. Secondly, the quality of the Chargers' quarterback play is a concern. A drop-off in quarterback performance could impact McConkey's production. Thirdly, as a young player, McConkey is subject to potential sophomore slump. Finally, the emergence of another receiver in the Chargers offense could decrease target share. These risks are reflected in his WR11 ranking. \n\n### 2025 Outlook\nMcConkey's 2025 outlook is bright. He possesses the skill set to thrive in the NFL, demonstrating excellent route running, reliable hands, and an ability to create separation. If he establishes himself as the primary target, he has the potential to significantly outperform his current WR11 ranking. A successful 2025 would likely see him solidify his position as a top-10 WR in PPR formats, with a potential even higher ranking based on his performance and the trajectory of the Chargers offense.\n\n### Final Verdict\nLadd McConkey presents a compelling option at his current ADP. While risks exist, his projected target share and potential to be a focal point of the Chargers' passing game make him a valuable asset in PPR leagues. He should be viewed as a safe WR2 with WR1 upside. Drafting him at his ADP is a calculated risk worth taking."
}
```
==================================================

